c:\users\matt\documents\freespaceconverter\convert\convert\debug\vc120.pdb
c:\users\matt\documents\freespaceconverter\convert\convert\debug\vc120.idb
c:\users\matt\documents\freespaceconverter\convert\convert\debug\convert.obj
c:\users\matt\documents\freespaceconverter\convert\convert\debug\vector3d.obj
c:\users\matt\documents\freespaceconverter\convert\convert\debug\matrix3d.obj
c:\users\matt\documents\freespaceconverter\convert\convert\debug\pcs_file_dstructs.obj
c:\users\matt\documents\freespaceconverter\convert\convert\debug\bspdatastructs.obj
c:\users\matt\documents\freespaceconverter\convert\convert\debug\bsphandler.obj
c:\users\matt\documents\freespaceconverter\convert\convert\debug\pcs_pof_bspfuncs.obj
c:\users\matt\documents\freespaceconverter\convert\convert\debug\pofhandler.obj
c:\users\matt\documents\freespaceconverter\convert\convert\debug\pcs_file.obj
c:\users\matt\documents\freespaceconverter\convert\convert\debug\pugixml.obj
c:\users\matt\documents\freespaceconverter\convert\debug\convert.ilk
c:\users\matt\documents\freespaceconverter\convert\debug\convert.exe
c:\users\matt\documents\freespaceconverter\convert\debug\convert.pdb
c:\users\matt\documents\freespaceconverter\convert\convert\debug\convert.tlog\cl.command.1.tlog
c:\users\matt\documents\freespaceconverter\convert\convert\debug\convert.tlog\cl.read.1.tlog
c:\users\matt\documents\freespaceconverter\convert\convert\debug\convert.tlog\cl.write.1.tlog
c:\users\matt\documents\freespaceconverter\convert\convert\debug\convert.tlog\link.command.1.tlog
c:\users\matt\documents\freespaceconverter\convert\convert\debug\convert.tlog\link.read.1.tlog
c:\users\matt\documents\freespaceconverter\convert\convert\debug\convert.tlog\link.write.1.tlog
