Build started 6/29/2015 12:00:30 AM.
     1>Project "C:\Users\Matt\Documents\FreeSpaceConverter\Convert\Convert\Convert.vcxproj" on node 2 (Build target(s)).
     1>ClCompile:
         C:\Program Files (x86)\Microsoft Visual Studio 12.0\VC\bin\CL.exe /c /IC:\libraries\boost\boost_1_55_0 /ZI /nologo /W3 /WX- /Od /Oy- /D WIN32 /D _DEBUG /D _CONSOLE /D _LIB /D _UNICODE /D UNICODE /Gm /EHsc /RTC1 /MDd /GS /fp:precise /Zc:wchar_t /Zc:forScope /Fo"Debug\\" /Fd"Debug\vc120.pdb" /Gd /TP /analyze- /errorReport:prompt Src\DAEHandler.cpp
         DAEHandler.cpp
     1>c:\users\matt\documents\freespaceconverter\convert\convert\src\daehandler.cpp(425): warning C4244: 'argument' : conversion from 'unsigned int' to 'float', possible loss of data
     1>c:\users\matt\documents\freespaceconverter\convert\convert\src\daehandler.cpp(1424): warning C4996: 'gmtime': This function or variable may be unsafe. Consider using gmtime_s instead. To disable deprecation, use _CRT_SECURE_NO_WARNINGS. See online help for details.
                 c:\program files (x86)\microsoft visual studio 12.0\vc\include\time.inl(99) : see declaration of 'gmtime'
     1>c:\users\matt\documents\freespaceconverter\convert\convert\src\daehandler.cpp(1606): warning C4018: '<' : signed/unsigned mismatch
     1>c:\users\matt\documents\freespaceconverter\convert\convert\src\daehandler.cpp(1617): warning C4018: '<' : signed/unsigned mismatch
     1>c:\users\matt\documents\freespaceconverter\convert\convert\src\daehandler.cpp(1628): warning C4018: '<' : signed/unsigned mismatch
     1>c:\users\matt\documents\freespaceconverter\convert\convert\src\daehandler.cpp(1811): warning C4996: 'sscanf': This function or variable may be unsafe. Consider using sscanf_s instead. To disable deprecation, use _CRT_SECURE_NO_WARNINGS. See online help for details.
                 c:\program files (x86)\microsoft visual studio 12.0\vc\include\stdio.h(304) : see declaration of 'sscanf'
     1>c:\users\matt\documents\freespaceconverter\convert\convert\src\daehandler.cpp(1833): warning C4244: 'argument' : conversion from 'double' to 'float', possible loss of data
     1>c:\users\matt\documents\freespaceconverter\convert\convert\src\daehandler.cpp(1843): warning C4996: 'sscanf': This function or variable may be unsafe. Consider using sscanf_s instead. To disable deprecation, use _CRT_SECURE_NO_WARNINGS. See online help for details.
                 c:\program files (x86)\microsoft visual studio 12.0\vc\include\stdio.h(304) : see declaration of 'sscanf'
     1>c:\users\matt\documents\freespaceconverter\convert\convert\src\daehandler.cpp(1845): warning C4996: 'sscanf': This function or variable may be unsafe. Consider using sscanf_s instead. To disable deprecation, use _CRT_SECURE_NO_WARNINGS. See online help for details.
                 c:\program files (x86)\microsoft visual studio 12.0\vc\include\stdio.h(304) : see declaration of 'sscanf'
     1>c:\users\matt\documents\freespaceconverter\convert\convert\src\daehandler.cpp(2375): warning C4244: 'argument' : conversion from 'double' to 'float', possible loss of data
       Link:
         C:\Program Files (x86)\Microsoft Visual Studio 12.0\VC\bin\link.exe /ERRORREPORT:PROMPT /OUT:"C:\Users\Matt\Documents\FreeSpaceConverter\Convert\Debug\Convert.exe" /INCREMENTAL /NOLOGO kernel32.lib user32.lib gdi32.lib winspool.lib comdlg32.lib advapi32.lib shell32.lib ole32.lib oleaut32.lib uuid.lib odbc32.lib odbccp32.lib /MANIFEST /MANIFESTUAC:"level='asInvoker' uiAccess='false'" /manifest:embed /DEBUG /PDB:"C:\Users\Matt\Documents\FreeSpaceConverter\Convert\Debug\Convert.pdb" /SUBSYSTEM:CONSOLE /TLBID:1 /DYNAMICBASE /NXCOMPAT /IMPLIB:"C:\Users\Matt\Documents\FreeSpaceConverter\Convert\Debug\Convert.lib" /MACHINE:X86 Debug\Convert.obj
         Debug\pugixml.obj
         Debug\BSPDataStructs.obj
         Debug\BSPHandler.obj
         Debug\DAEHandler.obj
         Debug\matrix3d.obj
         Debug\pcs_file.obj
         Debug\pcs_file_dstructs.obj
         Debug\pcs_pof_bspfuncs.obj
         Debug\POFHandler.obj
         Debug\vector3d.obj
         "..\..\..\..\..\..\libraries\boost\boost_1_55_0\stage\lib\libboost_regex-vc120-mt-gd-1_55.lib"
         Convert.vcxproj -> C:\Users\Matt\Documents\FreeSpaceConverter\Convert\Debug\Convert.exe
     1>Done Building Project "C:\Users\Matt\Documents\FreeSpaceConverter\Convert\Convert\Convert.vcxproj" (Build target(s)).

Build succeeded.

Time Elapsed 00:00:05.31
